[ 2015-05-05T19:25:28+08:00 ] 127.0.0.1 /Home/user/index.html
INFO: [ app_init ] --START--
INFO: Run Behavior\BuildLiteBehavior [ RunTime:0.000000s ]
INFO: [ app_init ] --END-- [ RunTime:0.022002s ]
INFO: [ app_begin ] --START--
INFO: Run Behavior\ReadHtmlCacheBehavior [ RunTime:0.005000s ]
INFO: [ app_begin ] --END-- [ RunTime:0.005000s ]
INFO: [ test ] --START--
INFO: Run Home\Behavior\TestBehavior [ RunTime:0.005000s ]
INFO: [ test ] --END-- [ RunTime:0.005000s ]
NOTIC: [8] Undefined variable: data E:\www\Application\Home\Controller\UserController.class.php 第 9 行.
INFO: [ view_parse ] --START--
INFO: [ template_filter ] --START--
INFO: Run Behavior\ContentReplaceBehavior [ RunTime:0.000000s ]
INFO: [ template_filter ] --END-- [ RunTime:0.000000s ]
INFO: Run Behavior\ParseTemplateBehavior [ RunTime:0.044003s ]
INFO: [ view_parse ] --END-- [ RunTime:0.045003s ]
INFO: [ view_filter ] --START--
INFO: Run Behavior\WriteHtmlCacheBehavior [ RunTime:0.003000s ]
INFO: [ view_filter ] --END-- [ RunTime:0.003000s ]
INFO: [ app_end ] --START--
INFO: Run Behavior\ShowPageTraceBehavior [ RunTime:0.004000s ]
INFO: [ app_end ] --END-- [ RunTime:0.004000s ]

[ 2015-05-05T19:25:38+08:00 ] 127.0.0.1 /Home/User/index.html
INFO: [ app_init ] --START--
INFO: Run Behavior\BuildLiteBehavior [ RunTime:0.000000s ]
INFO: [ app_init ] --END-- [ RunTime:0.000000s ]
INFO: [ app_begin ] --START--
INFO: Run Behavior\ReadHtmlCacheBehavior [ RunTime:0.001000s ]
INFO: [ app_begin ] --END-- [ RunTime:0.001000s ]
INFO: [ test ] --START--
INFO: Run Home\Behavior\TestBehavior [ RunTime:0.000000s ]
INFO: [ test ] --END-- [ RunTime:0.000000s ]
NOTIC: [8] Undefined variable: data E:\www\Application\Home\Controller\UserController.class.php 第 9 行.
INFO: [ view_parse ] --START--
INFO: [ template_filter ] --START--
INFO: Run Behavior\ContentReplaceBehavior [ RunTime:0.000000s ]
INFO: [ template_filter ] --END-- [ RunTime:0.000000s ]
INFO: Run Behavior\ParseTemplateBehavior [ RunTime:0.003000s ]
INFO: [ view_parse ] --END-- [ RunTime:0.003000s ]
INFO: [ view_filter ] --START--
INFO: Run Behavior\WriteHtmlCacheBehavior [ RunTime:0.001000s ]
INFO: [ view_filter ] --END-- [ RunTime:0.001000s ]
INFO: [ app_end ] --START--
INFO: Run Behavior\ShowPageTraceBehavior [ RunTime:0.000000s ]
INFO: [ app_end ] --END-- [ RunTime:0.000000s ]

[ 2015-05-05T19:25:54+08:00 ] 127.0.0.1 /Home/User/index.html
INFO: [ app_init ] --START--
INFO: Run Behavior\BuildLiteBehavior [ RunTime:0.000000s ]
INFO: [ app_init ] --END-- [ RunTime:0.000000s ]
INFO: [ app_begin ] --START--
INFO: Run Behavior\ReadHtmlCacheBehavior [ RunTime:0.001000s ]
INFO: [ app_begin ] --END-- [ RunTime:0.001000s ]
INFO: [ test ] --START--
INFO: Run Home\Behavior\TestBehavior [ RunTime:0.001000s ]
INFO: [ test ] --END-- [ RunTime:0.001000s ]
ERR: 无法加载数据库驱动: Think\Db\Driver\

[ 2015-05-05T19:26:12+08:00 ] 127.0.0.1 /Home/User/index.html
INFO: [ app_init ] --START--
INFO: Run Behavior\BuildLiteBehavior [ RunTime:0.000000s ]
INFO: [ app_init ] --END-- [ RunTime:0.001000s ]
INFO: [ app_begin ] --START--
INFO: Run Behavior\ReadHtmlCacheBehavior [ RunTime:0.001000s ]
INFO: [ app_begin ] --END-- [ RunTime:0.001000s ]
INFO: [ test ] --START--
INFO: Run Home\Behavior\TestBehavior [ RunTime:0.001000s ]
INFO: [ test ] --END-- [ RunTime:0.001000s ]
ERR: 无法加载数据库驱动: Think\Db\Driver\

[ 2015-05-05T19:26:13+08:00 ] 127.0.0.1 /Home/User/index.html
INFO: [ app_init ] --START--
INFO: Run Behavior\BuildLiteBehavior [ RunTime:0.000000s ]
INFO: [ app_init ] --END-- [ RunTime:0.001000s ]
INFO: [ app_begin ] --START--
INFO: Run Behavior\ReadHtmlCacheBehavior [ RunTime:0.001000s ]
INFO: [ app_begin ] --END-- [ RunTime:0.001000s ]
INFO: [ test ] --START--
INFO: Run Home\Behavior\TestBehavior [ RunTime:0.000000s ]
INFO: [ test ] --END-- [ RunTime:0.000000s ]
ERR: 无法加载数据库驱动: Think\Db\Driver\

[ 2015-05-05T19:26:13+08:00 ] 127.0.0.1 /Home/User/index.html
INFO: [ app_init ] --START--
INFO: Run Behavior\BuildLiteBehavior [ RunTime:0.000000s ]
INFO: [ app_init ] --END-- [ RunTime:0.001000s ]
INFO: [ app_begin ] --START--
INFO: Run Behavior\ReadHtmlCacheBehavior [ RunTime:0.001000s ]
INFO: [ app_begin ] --END-- [ RunTime:0.001000s ]
INFO: [ test ] --START--
INFO: Run Home\Behavior\TestBehavior [ RunTime:0.001000s ]
INFO: [ test ] --END-- [ RunTime:0.001000s ]
ERR: 无法加载数据库驱动: Think\Db\Driver\

[ 2015-05-05T19:26:13+08:00 ] 127.0.0.1 /Home/User/index.html
INFO: [ app_init ] --START--
INFO: Run Behavior\BuildLiteBehavior [ RunTime:0.000000s ]
INFO: [ app_init ] --END-- [ RunTime:0.001000s ]
INFO: [ app_begin ] --START--
INFO: Run Behavior\ReadHtmlCacheBehavior [ RunTime:0.001000s ]
INFO: [ app_begin ] --END-- [ RunTime:0.001000s ]
INFO: [ test ] --START--
INFO: Run Home\Behavior\TestBehavior [ RunTime:0.001000s ]
INFO: [ test ] --END-- [ RunTime:0.001000s ]
ERR: 无法加载数据库驱动: Think\Db\Driver\

[ 2015-05-05T19:26:13+08:00 ] 127.0.0.1 /Home/User/index.html
INFO: [ app_init ] --START--
INFO: Run Behavior\BuildLiteBehavior [ RunTime:0.001000s ]
INFO: [ app_init ] --END-- [ RunTime:0.001000s ]
INFO: [ app_begin ] --START--
INFO: Run Behavior\ReadHtmlCacheBehavior [ RunTime:0.001000s ]
INFO: [ app_begin ] --END-- [ RunTime:0.001000s ]
INFO: [ test ] --START--
INFO: Run Home\Behavior\TestBehavior [ RunTime:0.001001s ]
INFO: [ test ] --END-- [ RunTime:0.001001s ]
ERR: 无法加载数据库驱动: Think\Db\Driver\

[ 2015-05-05T19:26:13+08:00 ] 127.0.0.1 /Home/User/index.html
INFO: [ app_init ] --START--
INFO: Run Behavior\BuildLiteBehavior [ RunTime:0.000000s ]
INFO: [ app_init ] --END-- [ RunTime:0.000000s ]
INFO: [ app_begin ] --START--
INFO: Run Behavior\ReadHtmlCacheBehavior [ RunTime:0.001000s ]
INFO: [ app_begin ] --END-- [ RunTime:0.001000s ]
INFO: [ test ] --START--
INFO: Run Home\Behavior\TestBehavior [ RunTime:0.000000s ]
INFO: [ test ] --END-- [ RunTime:0.001000s ]
ERR: 无法加载数据库驱动: Think\Db\Driver\

[ 2015-05-05T19:26:13+08:00 ] 127.0.0.1 /Home/User/index.html
INFO: [ app_init ] --START--
INFO: Run Behavior\BuildLiteBehavior [ RunTime:0.000000s ]
INFO: [ app_init ] --END-- [ RunTime:0.000000s ]
INFO: [ app_begin ] --START--
INFO: Run Behavior\ReadHtmlCacheBehavior [ RunTime:0.000000s ]
INFO: [ app_begin ] --END-- [ RunTime:0.000000s ]
INFO: [ test ] --START--
INFO: Run Home\Behavior\TestBehavior [ RunTime:0.000000s ]
INFO: [ test ] --END-- [ RunTime:0.000000s ]
ERR: 无法加载数据库驱动: Think\Db\Driver\

[ 2015-05-05T19:26:59+08:00 ] 127.0.0.1 /Home/User/index.html
INFO: [ app_init ] --START--
INFO: Run Behavior\BuildLiteBehavior [ RunTime:0.000000s ]
INFO: [ app_init ] --END-- [ RunTime:0.000000s ]
INFO: [ app_begin ] --START--
INFO: Run Behavior\ReadHtmlCacheBehavior [ RunTime:0.001000s ]
INFO: [ app_begin ] --END-- [ RunTime:0.001000s ]
INFO: [ test ] --START--
INFO: Run Home\Behavior\TestBehavior [ RunTime:0.001000s ]
INFO: [ test ] --END-- [ RunTime:0.001000s ]
ERR: 无法加载数据库驱动: Think\Db\Driver\

[ 2015-05-05T19:27:00+08:00 ] 127.0.0.1 /Home/User/index.html
INFO: [ app_init ] --START--
INFO: Run Behavior\BuildLiteBehavior [ RunTime:0.000000s ]
INFO: [ app_init ] --END-- [ RunTime:0.000000s ]
INFO: [ app_begin ] --START--
INFO: Run Behavior\ReadHtmlCacheBehavior [ RunTime:0.001001s ]
INFO: [ app_begin ] --END-- [ RunTime:0.001001s ]
INFO: [ test ] --START--
INFO: Run Home\Behavior\TestBehavior [ RunTime:0.001000s ]
INFO: [ test ] --END-- [ RunTime:0.001000s ]
ERR: 无法加载数据库驱动: Think\Db\Driver\

[ 2015-05-05T19:27:45+08:00 ] 127.0.0.1 /Home/User/index.html
INFO: [ app_init ] --START--
INFO: Run Behavior\BuildLiteBehavior [ RunTime:0.000000s ]
INFO: [ app_init ] --END-- [ RunTime:0.000000s ]
INFO: [ app_begin ] --START--
INFO: Run Behavior\ReadHtmlCacheBehavior [ RunTime:0.001000s ]
INFO: [ app_begin ] --END-- [ RunTime:0.001000s ]
INFO: [ test ] --START--
INFO: Run Home\Behavior\TestBehavior [ RunTime:0.001000s ]
INFO: [ test ] --END-- [ RunTime:0.001000s ]
ERR: 无法加载数据库驱动: Think\Db\Driver\

[ 2015-05-05T19:28:03+08:00 ] 127.0.0.1 /Home/User/index.html
INFO: [ app_init ] --START--
INFO: Run Behavior\BuildLiteBehavior [ RunTime:0.000000s ]
INFO: [ app_init ] --END-- [ RunTime:0.000000s ]
INFO: [ app_begin ] --START--
INFO: Run Behavior\ReadHtmlCacheBehavior [ RunTime:0.001000s ]
INFO: [ app_begin ] --END-- [ RunTime:0.001000s ]
INFO: [ test ] --START--
INFO: Run Home\Behavior\TestBehavior [ RunTime:0.001000s ]
INFO: [ test ] --END-- [ RunTime:0.001000s ]
ERR: 无法加载数据库驱动: Think\Db\Driver\

[ 2015-05-05T19:28:04+08:00 ] 127.0.0.1 /Home/User/index.html
INFO: [ app_init ] --START--
INFO: Run Behavior\BuildLiteBehavior [ RunTime:0.000000s ]
INFO: [ app_init ] --END-- [ RunTime:0.000000s ]
INFO: [ app_begin ] --START--
INFO: Run Behavior\ReadHtmlCacheBehavior [ RunTime:0.000000s ]
INFO: [ app_begin ] --END-- [ RunTime:0.000000s ]
INFO: [ test ] --START--
INFO: Run Home\Behavior\TestBehavior [ RunTime:0.000000s ]
INFO: [ test ] --END-- [ RunTime:0.000000s ]
ERR: 无法加载数据库驱动: Think\Db\Driver\

[ 2015-05-05T19:28:04+08:00 ] 127.0.0.1 /Home/User/index.html
INFO: [ app_init ] --START--
INFO: Run Behavior\BuildLiteBehavior [ RunTime:0.000000s ]
INFO: [ app_init ] --END-- [ RunTime:0.001000s ]
INFO: [ app_begin ] --START--
INFO: Run Behavior\ReadHtmlCacheBehavior [ RunTime:0.000000s ]
INFO: [ app_begin ] --END-- [ RunTime:0.000000s ]
INFO: [ test ] --START--
INFO: Run Home\Behavior\TestBehavior [ RunTime:0.000000s ]
INFO: [ test ] --END-- [ RunTime:0.001000s ]
ERR: 无法加载数据库驱动: Think\Db\Driver\

[ 2015-05-05T19:28:04+08:00 ] 127.0.0.1 /Home/User/index.html
INFO: [ app_init ] --START--
INFO: Run Behavior\BuildLiteBehavior [ RunTime:0.000000s ]
INFO: [ app_init ] --END-- [ RunTime:0.001000s ]
INFO: [ app_begin ] --START--
INFO: Run Behavior\ReadHtmlCacheBehavior [ RunTime:0.000000s ]
INFO: [ app_begin ] --END-- [ RunTime:0.000000s ]
INFO: [ test ] --START--
INFO: Run Home\Behavior\TestBehavior [ RunTime:0.000000s ]
INFO: [ test ] --END-- [ RunTime:0.001000s ]
ERR: 无法加载数据库驱动: Think\Db\Driver\

[ 2015-05-05T19:29:53+08:00 ] 127.0.0.1 /Home/User/index.html
INFO: [ app_init ] --START--
INFO: Run Behavior\BuildLiteBehavior [ RunTime:0.000000s ]
INFO: [ app_init ] --END-- [ RunTime:0.001000s ]
INFO: [ app_begin ] --START--
INFO: Run Behavior\ReadHtmlCacheBehavior [ RunTime:0.000000s ]
INFO: [ app_begin ] --END-- [ RunTime:0.000000s ]
INFO: [ test ] --START--
INFO: Run Home\Behavior\TestBehavior [ RunTime:0.000000s ]
INFO: [ test ] --END-- [ RunTime:0.000000s ]

[ 2015-05-05T19:30:03+08:00 ] 127.0.0.1 /Home/User/index.html
INFO: [ app_init ] --START--
INFO: Run Behavior\BuildLiteBehavior [ RunTime:0.000000s ]
INFO: [ app_init ] --END-- [ RunTime:0.001000s ]
INFO: [ app_begin ] --START--
INFO: Run Behavior\ReadHtmlCacheBehavior [ RunTime:0.001000s ]
INFO: [ app_begin ] --END-- [ RunTime:0.001000s ]
INFO: [ test ] --START--
INFO: Run Home\Behavior\TestBehavior [ RunTime:0.001000s ]
INFO: [ test ] --END-- [ RunTime:0.001000s ]

[ 2015-05-05T19:30:04+08:00 ] 127.0.0.1 /Home/User/index.html
INFO: [ app_init ] --START--
INFO: Run Behavior\BuildLiteBehavior [ RunTime:0.000000s ]
INFO: [ app_init ] --END-- [ RunTime:0.000000s ]
INFO: [ app_begin ] --START--
INFO: Run Behavior\ReadHtmlCacheBehavior [ RunTime:0.000000s ]
INFO: [ app_begin ] --END-- [ RunTime:0.000000s ]
INFO: [ test ] --START--
INFO: Run Home\Behavior\TestBehavior [ RunTime:0.000000s ]
INFO: [ test ] --END-- [ RunTime:0.000000s ]

[ 2015-05-05T19:30:04+08:00 ] 127.0.0.1 /Home/User/index.html
INFO: [ app_init ] --START--
INFO: Run Behavior\BuildLiteBehavior [ RunTime:0.000000s ]
INFO: [ app_init ] --END-- [ RunTime:0.000000s ]
INFO: [ app_begin ] --START--
INFO: Run Behavior\ReadHtmlCacheBehavior [ RunTime:0.000000s ]
INFO: [ app_begin ] --END-- [ RunTime:0.001000s ]
INFO: [ test ] --START--
INFO: Run Home\Behavior\TestBehavior [ RunTime:0.001001s ]
INFO: [ test ] --END-- [ RunTime:0.001001s ]

[ 2015-05-05T19:30:04+08:00 ] 127.0.0.1 /Home/User/index.html
INFO: [ app_init ] --START--
INFO: Run Behavior\BuildLiteBehavior [ RunTime:0.000000s ]
INFO: [ app_init ] --END-- [ RunTime:0.000000s ]
INFO: [ app_begin ] --START--
INFO: Run Behavior\ReadHtmlCacheBehavior [ RunTime:0.001000s ]
INFO: [ app_begin ] --END-- [ RunTime:0.001000s ]
INFO: [ test ] --START--
INFO: Run Home\Behavior\TestBehavior [ RunTime:0.001000s ]
INFO: [ test ] --END-- [ RunTime:0.001000s ]

[ 2015-05-05T19:30:16+08:00 ] 127.0.0.1 /Home/User/index.html
INFO: [ app_init ] --START--
INFO: Run Behavior\BuildLiteBehavior [ RunTime:0.000000s ]
INFO: [ app_init ] --END-- [ RunTime:0.000000s ]
INFO: [ app_begin ] --START--
INFO: Run Behavior\ReadHtmlCacheBehavior [ RunTime:0.001000s ]
INFO: [ app_begin ] --END-- [ RunTime:0.001000s ]
INFO: [ test ] --START--
INFO: Run Home\Behavior\TestBehavior [ RunTime:0.001000s ]
INFO: [ test ] --END-- [ RunTime:0.001000s ]
ERR: 无法加载数据库驱动: Think\Db\Driver\

[ 2015-05-05T19:30:35+08:00 ] 127.0.0.1 /Home/User/index.html
INFO: [ app_init ] --START--
INFO: Run Behavior\BuildLiteBehavior [ RunTime:0.000000s ]
INFO: [ app_init ] --END-- [ RunTime:0.000000s ]
INFO: [ app_begin ] --START--
INFO: Run Behavior\ReadHtmlCacheBehavior [ RunTime:0.001000s ]
INFO: [ app_begin ] --END-- [ RunTime:0.001000s ]
INFO: [ test ] --START--
INFO: Run Home\Behavior\TestBehavior [ RunTime:0.001000s ]
INFO: [ test ] --END-- [ RunTime:0.001000s ]

[ 2015-05-05T19:30:55+08:00 ] 127.0.0.1 /Home/User/index.html
INFO: [ app_init ] --START--
INFO: Run Behavior\BuildLiteBehavior [ RunTime:0.000000s ]
INFO: [ app_init ] --END-- [ RunTime:0.000000s ]
INFO: [ app_begin ] --START--
INFO: Run Behavior\ReadHtmlCacheBehavior [ RunTime:0.000000s ]
INFO: [ app_begin ] --END-- [ RunTime:0.000000s ]
INFO: [ test ] --START--
INFO: Run Home\Behavior\TestBehavior [ RunTime:0.000000s ]
INFO: [ test ] --END-- [ RunTime:0.000000s ]
ERR: 无法加载数据库驱动: Think\Db\Driver\

[ 2015-05-05T19:31:11+08:00 ] 127.0.0.1 /Home/User/index.html
INFO: [ app_init ] --START--
INFO: Run Behavior\BuildLiteBehavior [ RunTime:0.000000s ]
INFO: [ app_init ] --END-- [ RunTime:0.001000s ]
INFO: [ app_begin ] --START--
INFO: Run Behavior\ReadHtmlCacheBehavior [ RunTime:0.001000s ]
INFO: [ app_begin ] --END-- [ RunTime:0.001000s ]
INFO: [ test ] --START--
INFO: Run Home\Behavior\TestBehavior [ RunTime:0.001000s ]
INFO: [ test ] --END-- [ RunTime:0.001000s ]

[ 2015-05-05T19:32:51+08:00 ] 127.0.0.1 /Home/User/index.html
INFO: [ app_init ] --START--
INFO: Run Behavior\BuildLiteBehavior [ RunTime:0.000000s ]
INFO: [ app_init ] --END-- [ RunTime:0.001000s ]
INFO: [ app_begin ] --START--
INFO: Run Behavior\ReadHtmlCacheBehavior [ RunTime:0.001000s ]
INFO: [ app_begin ] --END-- [ RunTime:0.001000s ]
INFO: [ test ] --START--
INFO: Run Home\Behavior\TestBehavior [ RunTime:0.001001s ]
INFO: [ test ] --END-- [ RunTime:0.001001s ]
ERR: could not find driver

[ 2015-05-05T19:33:34+08:00 ] 127.0.0.1 /Home/User/index.html
INFO: [ app_init ] --START--
INFO: Run Behavior\BuildLiteBehavior [ RunTime:0.000000s ]
INFO: [ app_init ] --END-- [ RunTime:0.000000s ]
INFO: [ app_begin ] --START--
INFO: Run Behavior\ReadHtmlCacheBehavior [ RunTime:0.000000s ]
INFO: [ app_begin ] --END-- [ RunTime:0.000000s ]
INFO: [ test ] --START--
INFO: Run Home\Behavior\TestBehavior [ RunTime:0.000000s ]
INFO: [ test ] --END-- [ RunTime:0.000000s ]
ERR: could not find driver

[ 2015-05-05T19:33:35+08:00 ] 127.0.0.1 /Home/User/index.html
INFO: [ app_init ] --START--
INFO: Run Behavior\BuildLiteBehavior [ RunTime:0.000000s ]
INFO: [ app_init ] --END-- [ RunTime:0.000000s ]
INFO: [ app_begin ] --START--
INFO: Run Behavior\ReadHtmlCacheBehavior [ RunTime:0.001000s ]
INFO: [ app_begin ] --END-- [ RunTime:0.001000s ]
INFO: [ test ] --START--
INFO: Run Home\Behavior\TestBehavior [ RunTime:0.001000s ]
INFO: [ test ] --END-- [ RunTime:0.001000s ]
ERR: could not find driver

[ 2015-05-05T19:33:35+08:00 ] 127.0.0.1 /Home/User/index.html
INFO: [ app_init ] --START--
INFO: Run Behavior\BuildLiteBehavior [ RunTime:0.000000s ]
INFO: [ app_init ] --END-- [ RunTime:0.000000s ]
INFO: [ app_begin ] --START--
INFO: Run Behavior\ReadHtmlCacheBehavior [ RunTime:0.000000s ]
INFO: [ app_begin ] --END-- [ RunTime:0.000000s ]
INFO: [ test ] --START--
INFO: Run Home\Behavior\TestBehavior [ RunTime:0.000000s ]
INFO: [ test ] --END-- [ RunTime:0.000000s ]
ERR: could not find driver

[ 2015-05-05T19:33:36+08:00 ] 127.0.0.1 /Home/User/index.html
INFO: [ app_init ] --START--
INFO: Run Behavior\BuildLiteBehavior [ RunTime:0.000000s ]
INFO: [ app_init ] --END-- [ RunTime:0.000000s ]
INFO: [ app_begin ] --START--
INFO: Run Behavior\ReadHtmlCacheBehavior [ RunTime:0.001000s ]
INFO: [ app_begin ] --END-- [ RunTime:0.001000s ]
INFO: [ test ] --START--
INFO: Run Home\Behavior\TestBehavior [ RunTime:0.001000s ]
INFO: [ test ] --END-- [ RunTime:0.001000s ]
ERR: could not find driver

[ 2015-05-05T19:35:01+08:00 ] 127.0.0.1 /Home/User/index.html
INFO: [ app_init ] --START--
INFO: Run Behavior\BuildLiteBehavior [ RunTime:0.000000s ]
INFO: [ app_init ] --END-- [ RunTime:0.000000s ]
INFO: [ app_begin ] --START--
INFO: Run Behavior\ReadHtmlCacheBehavior [ RunTime:0.000000s ]
INFO: [ app_begin ] --END-- [ RunTime:0.000000s ]
INFO: [ test ] --START--
INFO: Run Home\Behavior\TestBehavior [ RunTime:0.000000s ]
INFO: [ test ] --END-- [ RunTime:0.000000s ]
ERR: could not find driver

[ 2015-05-05T19:35:34+08:00 ] 127.0.0.1 /Home/User/index.html
INFO: [ app_init ] --START--
INFO: Run Behavior\BuildLiteBehavior [ RunTime:0.000000s ]
INFO: [ app_init ] --END-- [ RunTime:0.000000s ]
INFO: [ app_begin ] --START--
INFO: Run Behavior\ReadHtmlCacheBehavior [ RunTime:0.000000s ]
INFO: [ app_begin ] --END-- [ RunTime:0.000000s ]
INFO: [ test ] --START--
INFO: Run Home\Behavior\TestBehavior [ RunTime:0.000000s ]
INFO: [ test ] --END-- [ RunTime:0.000000s ]
ERR: could not find driver

[ 2015-05-05T19:35:52+08:00 ] 127.0.0.1 /Home/User/index.html
INFO: [ app_init ] --START--
INFO: Run Behavior\BuildLiteBehavior [ RunTime:0.000000s ]
INFO: [ app_init ] --END-- [ RunTime:0.001000s ]
INFO: [ app_begin ] --START--
INFO: Run Behavior\ReadHtmlCacheBehavior [ RunTime:0.000000s ]
INFO: [ app_begin ] --END-- [ RunTime:0.000000s ]
INFO: [ test ] --START--
INFO: Run Home\Behavior\TestBehavior [ RunTime:0.000000s ]
INFO: [ test ] --END-- [ RunTime:0.000000s ]
ERR: could not find driver

[ 2015-05-05T19:38:56+08:00 ] 127.0.0.1 /Home/User/index.html
INFO: [ app_init ] --START--
INFO: Run Behavior\BuildLiteBehavior [ RunTime:0.000000s ]
INFO: [ app_init ] --END-- [ RunTime:0.001000s ]
INFO: [ app_begin ] --START--
INFO: Run Behavior\ReadHtmlCacheBehavior [ RunTime:0.000000s ]
INFO: [ app_begin ] --END-- [ RunTime:0.000000s ]
INFO: [ test ] --START--
INFO: Run Home\Behavior\TestBehavior [ RunTime:0.000000s ]
INFO: [ test ] --END-- [ RunTime:0.000000s ]

[ 2015-05-05T19:39:26+08:00 ] 127.0.0.1 /Home/User/index.html
INFO: [ app_init ] --START--
INFO: Run Behavior\BuildLiteBehavior [ RunTime:0.000000s ]
INFO: [ app_init ] --END-- [ RunTime:0.001000s ]
INFO: [ app_begin ] --START--
INFO: Run Behavior\ReadHtmlCacheBehavior [ RunTime:0.001000s ]
INFO: [ app_begin ] --END-- [ RunTime:0.001000s ]
INFO: [ test ] --START--
INFO: Run Home\Behavior\TestBehavior [ RunTime:0.001000s ]
INFO: [ test ] --END-- [ RunTime:0.001000s ]

[ 2015-05-05T19:39:26+08:00 ] 127.0.0.1 /Home/User/index.html
INFO: [ app_init ] --START--
INFO: Run Behavior\BuildLiteBehavior [ RunTime:0.000000s ]
INFO: [ app_init ] --END-- [ RunTime:0.001001s ]
INFO: [ app_begin ] --START--
INFO: Run Behavior\ReadHtmlCacheBehavior [ RunTime:0.000000s ]
INFO: [ app_begin ] --END-- [ RunTime:0.000000s ]
INFO: [ test ] --START--
INFO: Run Home\Behavior\TestBehavior [ RunTime:0.000000s ]
INFO: [ test ] --END-- [ RunTime:0.000000s ]

[ 2015-05-05T19:39:26+08:00 ] 127.0.0.1 /Home/User/index.html
INFO: [ app_init ] --START--
INFO: Run Behavior\BuildLiteBehavior [ RunTime:0.000000s ]
INFO: [ app_init ] --END-- [ RunTime:0.000000s ]
INFO: [ app_begin ] --START--
INFO: Run Behavior\ReadHtmlCacheBehavior [ RunTime:0.001000s ]
INFO: [ app_begin ] --END-- [ RunTime:0.001000s ]
INFO: [ test ] --START--
INFO: Run Home\Behavior\TestBehavior [ RunTime:0.000000s ]
INFO: [ test ] --END-- [ RunTime:0.000000s ]

[ 2015-05-05T19:39:27+08:00 ] 127.0.0.1 /Home/User/index.html
INFO: [ app_init ] --START--
INFO: Run Behavior\BuildLiteBehavior [ RunTime:0.000000s ]
INFO: [ app_init ] --END-- [ RunTime:0.000000s ]
INFO: [ app_begin ] --START--
INFO: Run Behavior\ReadHtmlCacheBehavior [ RunTime:0.001000s ]
INFO: [ app_begin ] --END-- [ RunTime:0.001000s ]
INFO: [ test ] --START--
INFO: Run Home\Behavior\TestBehavior [ RunTime:0.000000s ]
INFO: [ test ] --END-- [ RunTime:0.000000s ]

[ 2015-05-05T19:39:27+08:00 ] 127.0.0.1 /Home/User/index.html
INFO: [ app_init ] --START--
INFO: Run Behavior\BuildLiteBehavior [ RunTime:0.000000s ]
INFO: [ app_init ] --END-- [ RunTime:0.000000s ]
INFO: [ app_begin ] --START--
INFO: Run Behavior\ReadHtmlCacheBehavior [ RunTime:0.001000s ]
INFO: [ app_begin ] --END-- [ RunTime:0.001000s ]
INFO: [ test ] --START--
INFO: Run Home\Behavior\TestBehavior [ RunTime:0.001000s ]
INFO: [ test ] --END-- [ RunTime:0.001000s ]

[ 2015-05-05T19:39:27+08:00 ] 127.0.0.1 /Home/User/index.html
INFO: [ app_init ] --START--
INFO: Run Behavior\BuildLiteBehavior [ RunTime:0.000000s ]
INFO: [ app_init ] --END-- [ RunTime:0.000000s ]
INFO: [ app_begin ] --START--
INFO: Run Behavior\ReadHtmlCacheBehavior [ RunTime:0.000000s ]
INFO: [ app_begin ] --END-- [ RunTime:0.000000s ]
INFO: [ test ] --START--
INFO: Run Home\Behavior\TestBehavior [ RunTime:0.001000s ]
INFO: [ test ] --END-- [ RunTime:0.001000s ]

[ 2015-05-05T19:39:27+08:00 ] 127.0.0.1 /Home/User/index.html
INFO: [ app_init ] --START--
INFO: Run Behavior\BuildLiteBehavior [ RunTime:0.000000s ]
INFO: [ app_init ] --END-- [ RunTime:0.000000s ]
INFO: [ app_begin ] --START--
INFO: Run Behavior\ReadHtmlCacheBehavior [ RunTime:0.001000s ]
INFO: [ app_begin ] --END-- [ RunTime:0.001000s ]
INFO: [ test ] --START--
INFO: Run Home\Behavior\TestBehavior [ RunTime:0.001000s ]
INFO: [ test ] --END-- [ RunTime:0.001000s ]

[ 2015-05-05T19:39:27+08:00 ] 127.0.0.1 /Home/User/index.html
INFO: [ app_init ] --START--
INFO: Run Behavior\BuildLiteBehavior [ RunTime:0.000000s ]
INFO: [ app_init ] --END-- [ RunTime:0.001000s ]
INFO: [ app_begin ] --START--
INFO: Run Behavior\ReadHtmlCacheBehavior [ RunTime:0.000000s ]
INFO: [ app_begin ] --END-- [ RunTime:0.000000s ]
INFO: [ test ] --START--
INFO: Run Home\Behavior\TestBehavior [ RunTime:0.001000s ]
INFO: [ test ] --END-- [ RunTime:0.001000s ]

[ 2015-05-05T19:39:27+08:00 ] 127.0.0.1 /Home/User/index.html
INFO: [ app_init ] --START--
INFO: Run Behavior\BuildLiteBehavior [ RunTime:0.000000s ]
INFO: [ app_init ] --END-- [ RunTime:0.000000s ]
INFO: [ app_begin ] --START--
INFO: Run Behavior\ReadHtmlCacheBehavior [ RunTime:0.001001s ]
INFO: [ app_begin ] --END-- [ RunTime:0.001001s ]
INFO: [ test ] --START--
INFO: Run Home\Behavior\TestBehavior [ RunTime:0.001000s ]
INFO: [ test ] --END-- [ RunTime:0.001000s ]

[ 2015-05-05T19:39:34+08:00 ] 127.0.0.1 /Home/User/index.html
INFO: [ app_init ] --START--
INFO: Run Behavior\BuildLiteBehavior [ RunTime:0.000000s ]
INFO: [ app_init ] --END-- [ RunTime:0.000000s ]
INFO: [ app_begin ] --START--
INFO: Run Behavior\ReadHtmlCacheBehavior [ RunTime:0.000000s ]
INFO: [ app_begin ] --END-- [ RunTime:0.000000s ]

[ 2015-05-05T19:39:34+08:00 ] 127.0.0.1 /Home/User/index.html
INFO: [ app_init ] --START--
INFO: Run Behavior\BuildLiteBehavior [ RunTime:0.000000s ]
INFO: [ app_init ] --END-- [ RunTime:0.001000s ]
INFO: [ app_begin ] --START--
INFO: Run Behavior\ReadHtmlCacheBehavior [ RunTime:0.000000s ]
INFO: [ app_begin ] --END-- [ RunTime:0.000000s ]

[ 2015-05-05T19:39:34+08:00 ] 127.0.0.1 /Home/User/index.html
INFO: [ app_init ] --START--
INFO: Run Behavior\BuildLiteBehavior [ RunTime:0.000000s ]
INFO: [ app_init ] --END-- [ RunTime:0.000000s ]
INFO: [ app_begin ] --START--
INFO: Run Behavior\ReadHtmlCacheBehavior [ RunTime:0.000000s ]
INFO: [ app_begin ] --END-- [ RunTime:0.000000s ]

[ 2015-05-05T19:39:34+08:00 ] 127.0.0.1 /Home/User/index.html
INFO: [ app_init ] --START--
INFO: Run Behavior\BuildLiteBehavior [ RunTime:0.000000s ]
INFO: [ app_init ] --END-- [ RunTime:0.001000s ]
INFO: [ app_begin ] --START--
INFO: Run Behavior\ReadHtmlCacheBehavior [ RunTime:0.001000s ]
INFO: [ app_begin ] --END-- [ RunTime:0.001000s ]

[ 2015-05-05T19:39:35+08:00 ] 127.0.0.1 /Home/User/index.html
INFO: [ app_init ] --START--
INFO: Run Behavior\BuildLiteBehavior [ RunTime:0.000000s ]
INFO: [ app_init ] --END-- [ RunTime:0.000000s ]
INFO: [ app_begin ] --START--
INFO: Run Behavior\ReadHtmlCacheBehavior [ RunTime:0.000000s ]
INFO: [ app_begin ] --END-- [ RunTime:0.000000s ]

[ 2015-05-05T19:39:35+08:00 ] 127.0.0.1 /Home/User/index.html
INFO: [ app_init ] --START--
INFO: Run Behavior\BuildLiteBehavior [ RunTime:0.001000s ]
INFO: [ app_init ] --END-- [ RunTime:0.001000s ]
INFO: [ app_begin ] --START--
INFO: Run Behavior\ReadHtmlCacheBehavior [ RunTime:0.000000s ]
INFO: [ app_begin ] --END-- [ RunTime:0.000000s ]

[ 2015-05-05T19:39:35+08:00 ] 127.0.0.1 /Home/User/index.html
INFO: [ app_init ] --START--
INFO: Run Behavior\BuildLiteBehavior [ RunTime:0.000000s ]
INFO: [ app_init ] --END-- [ RunTime:0.001000s ]
INFO: [ app_begin ] --START--
INFO: Run Behavior\ReadHtmlCacheBehavior [ RunTime:0.001000s ]
INFO: [ app_begin ] --END-- [ RunTime:0.001000s ]

[ 2015-05-05T19:39:35+08:00 ] 127.0.0.1 /Home/User/index.html
INFO: [ app_init ] --START--
INFO: Run Behavior\BuildLiteBehavior [ RunTime:0.000000s ]
INFO: [ app_init ] --END-- [ RunTime:0.000000s ]
INFO: [ app_begin ] --START--
INFO: Run Behavior\ReadHtmlCacheBehavior [ RunTime:0.000000s ]
INFO: [ app_begin ] --END-- [ RunTime:0.000000s ]

[ 2015-05-05T19:39:35+08:00 ] 127.0.0.1 /Home/User/index.html
INFO: [ app_init ] --START--
INFO: Run Behavior\BuildLiteBehavior [ RunTime:0.000000s ]
INFO: [ app_init ] --END-- [ RunTime:0.000000s ]
INFO: [ app_begin ] --START--
INFO: Run Behavior\ReadHtmlCacheBehavior [ RunTime:0.001000s ]
INFO: [ app_begin ] --END-- [ RunTime:0.001000s ]

[ 2015-05-05T19:39:36+08:00 ] 127.0.0.1 /Home/User/index.html
INFO: [ app_init ] --START--
INFO: Run Behavior\BuildLiteBehavior [ RunTime:0.000000s ]
INFO: [ app_init ] --END-- [ RunTime:0.001000s ]
INFO: [ app_begin ] --START--
INFO: Run Behavior\ReadHtmlCacheBehavior [ RunTime:0.000000s ]
INFO: [ app_begin ] --END-- [ RunTime:0.000000s ]

[ 2015-05-05T19:39:36+08:00 ] 127.0.0.1 /Home/User/index.html
INFO: [ app_init ] --START--
INFO: Run Behavior\BuildLiteBehavior [ RunTime:0.000000s ]
INFO: [ app_init ] --END-- [ RunTime:0.001000s ]
INFO: [ app_begin ] --START--
INFO: Run Behavior\ReadHtmlCacheBehavior [ RunTime:0.001000s ]
INFO: [ app_begin ] --END-- [ RunTime:0.001000s ]

[ 2015-05-05T19:39:36+08:00 ] 127.0.0.1 /Home/User/index.html
INFO: [ app_init ] --START--
INFO: Run Behavior\BuildLiteBehavior [ RunTime:0.000000s ]
INFO: [ app_init ] --END-- [ RunTime:0.001000s ]
INFO: [ app_begin ] --START--
INFO: Run Behavior\ReadHtmlCacheBehavior [ RunTime:0.000000s ]
INFO: [ app_begin ] --END-- [ RunTime:0.000000s ]

[ 2015-05-05T19:39:36+08:00 ] 127.0.0.1 /Home/User/index.html
INFO: [ app_init ] --START--
INFO: Run Behavior\BuildLiteBehavior [ RunTime:0.000000s ]
INFO: [ app_init ] --END-- [ RunTime:0.001000s ]
INFO: [ app_begin ] --START--
INFO: Run Behavior\ReadHtmlCacheBehavior [ RunTime:0.001000s ]
INFO: [ app_begin ] --END-- [ RunTime:0.001000s ]

[ 2015-05-05T19:39:48+08:00 ] 127.0.0.1 /Home/User/index.html
INFO: [ app_init ] --START--
INFO: Run Behavior\BuildLiteBehavior [ RunTime:0.000000s ]
INFO: [ app_init ] --END-- [ RunTime:0.000000s ]
INFO: [ app_begin ] --START--
INFO: Run Behavior\ReadHtmlCacheBehavior [ RunTime:0.000000s ]
INFO: [ app_begin ] --END-- [ RunTime:0.000000s ]
INFO: [ test ] --START--
INFO: Run Home\Behavior\TestBehavior [ RunTime:0.000000s ]
INFO: [ test ] --END-- [ RunTime:0.000000s ]
NOTIC: [8] Undefined variable: data E:\www\Application\Home\Controller\UserController.class.php 第 10 行.
INFO: [ app_end ] --START--
INFO: Run Behavior\ShowPageTraceBehavior [ RunTime:0.000000s ]
INFO: [ app_end ] --END-- [ RunTime:0.000000s ]

[ 2015-05-05T19:39:48+08:00 ] 127.0.0.1 /Home/User/index.html
INFO: [ app_init ] --START--
INFO: Run Behavior\BuildLiteBehavior [ RunTime:0.000000s ]
INFO: [ app_init ] --END-- [ RunTime:0.000000s ]
INFO: [ app_begin ] --START--
INFO: Run Behavior\ReadHtmlCacheBehavior [ RunTime:0.001000s ]
INFO: [ app_begin ] --END-- [ RunTime:0.001000s ]
INFO: [ test ] --START--
INFO: Run Home\Behavior\TestBehavior [ RunTime:0.001000s ]
INFO: [ test ] --END-- [ RunTime:0.001000s ]
NOTIC: [8] Undefined variable: data E:\www\Application\Home\Controller\UserController.class.php 第 10 行.
INFO: [ app_end ] --START--
INFO: Run Behavior\ShowPageTraceBehavior [ RunTime:0.000000s ]
INFO: [ app_end ] --END-- [ RunTime:0.000000s ]

[ 2015-05-05T19:39:49+08:00 ] 127.0.0.1 /Home/User/index.html
INFO: [ app_init ] --START--
INFO: Run Behavior\BuildLiteBehavior [ RunTime:0.000000s ]
INFO: [ app_init ] --END-- [ RunTime:0.000000s ]
INFO: [ app_begin ] --START--
INFO: Run Behavior\ReadHtmlCacheBehavior [ RunTime:0.000000s ]
INFO: [ app_begin ] --END-- [ RunTime:0.000000s ]
INFO: [ test ] --START--
INFO: Run Home\Behavior\TestBehavior [ RunTime:0.001000s ]
INFO: [ test ] --END-- [ RunTime:0.001000s ]
NOTIC: [8] Undefined variable: data E:\www\Application\Home\Controller\UserController.class.php 第 10 行.
INFO: [ app_end ] --START--
INFO: Run Behavior\ShowPageTraceBehavior [ RunTime:0.000000s ]
INFO: [ app_end ] --END-- [ RunTime:0.000000s ]

[ 2015-05-05T19:39:49+08:00 ] 127.0.0.1 /Home/User/index.html
INFO: [ app_init ] --START--
INFO: Run Behavior\BuildLiteBehavior [ RunTime:0.000000s ]
INFO: [ app_init ] --END-- [ RunTime:0.001000s ]
INFO: [ app_begin ] --START--
INFO: Run Behavior\ReadHtmlCacheBehavior [ RunTime:0.001000s ]
INFO: [ app_begin ] --END-- [ RunTime:0.001000s ]
INFO: [ test ] --START--
INFO: Run Home\Behavior\TestBehavior [ RunTime:0.001000s ]
INFO: [ test ] --END-- [ RunTime:0.001000s ]
NOTIC: [8] Undefined variable: data E:\www\Application\Home\Controller\UserController.class.php 第 10 行.
INFO: [ app_end ] --START--
INFO: Run Behavior\ShowPageTraceBehavior [ RunTime:0.000000s ]
INFO: [ app_end ] --END-- [ RunTime:0.000000s ]

[ 2015-05-05T19:39:49+08:00 ] 127.0.0.1 /Home/User/index.html
INFO: [ app_init ] --START--
INFO: Run Behavior\BuildLiteBehavior [ RunTime:0.000000s ]
INFO: [ app_init ] --END-- [ RunTime:0.001000s ]
INFO: [ app_begin ] --START--
INFO: Run Behavior\ReadHtmlCacheBehavior [ RunTime:0.001000s ]
INFO: [ app_begin ] --END-- [ RunTime:0.001000s ]
INFO: [ test ] --START--
INFO: Run Home\Behavior\TestBehavior [ RunTime:0.000000s ]
INFO: [ test ] --END-- [ RunTime:0.001000s ]
NOTIC: [8] Undefined variable: data E:\www\Application\Home\Controller\UserController.class.php 第 10 行.
INFO: [ app_end ] --START--
INFO: Run Behavior\ShowPageTraceBehavior [ RunTime:0.000000s ]
INFO: [ app_end ] --END-- [ RunTime:0.000000s ]

[ 2015-05-05T19:39:49+08:00 ] 127.0.0.1 /Home/User/index.html
INFO: [ app_init ] --START--
INFO: Run Behavior\BuildLiteBehavior [ RunTime:0.000000s ]
INFO: [ app_init ] --END-- [ RunTime:0.000000s ]
INFO: [ app_begin ] --START--
INFO: Run Behavior\ReadHtmlCacheBehavior [ RunTime:0.000000s ]
INFO: [ app_begin ] --END-- [ RunTime:0.000000s ]
INFO: [ test ] --START--
INFO: Run Home\Behavior\TestBehavior [ RunTime:0.001000s ]
INFO: [ test ] --END-- [ RunTime:0.001000s ]
NOTIC: [8] Undefined variable: data E:\www\Application\Home\Controller\UserController.class.php 第 10 行.
INFO: [ app_end ] --START--
INFO: Run Behavior\ShowPageTraceBehavior [ RunTime:0.001000s ]
INFO: [ app_end ] --END-- [ RunTime:0.001000s ]

[ 2015-05-05T19:40:04+08:00 ] 127.0.0.1 /Home/User/index.html
INFO: [ app_init ] --START--
INFO: Run Behavior\BuildLiteBehavior [ RunTime:0.000000s ]
INFO: [ app_init ] --END-- [ RunTime:0.001000s ]
INFO: [ app_begin ] --START--
INFO: Run Behavior\ReadHtmlCacheBehavior [ RunTime:0.000000s ]
INFO: [ app_begin ] --END-- [ RunTime:0.000000s ]
INFO: [ test ] --START--
INFO: Run Home\Behavior\TestBehavior [ RunTime:0.001000s ]
INFO: [ test ] --END-- [ RunTime:0.001000s ]
ERR: 无法加载数据库驱动: Think\Db\Driver\

[ 2015-05-05T19:40:12+08:00 ] 127.0.0.1 /Home/User/index.html
INFO: [ app_init ] --START--
INFO: Run Behavior\BuildLiteBehavior [ RunTime:0.000000s ]
INFO: [ app_init ] --END-- [ RunTime:0.000000s ]
INFO: [ app_begin ] --START--
INFO: Run Behavior\ReadHtmlCacheBehavior [ RunTime:0.000000s ]
INFO: [ app_begin ] --END-- [ RunTime:0.000000s ]
INFO: [ test ] --START--
INFO: Run Home\Behavior\TestBehavior [ RunTime:0.000000s ]
INFO: [ test ] --END-- [ RunTime:0.000000s ]
ERR: 无法加载数据库驱动: Think\Db\Driver\

[ 2015-05-05T19:40:13+08:00 ] 127.0.0.1 /Home/User/index.html
INFO: [ app_init ] --START--
INFO: Run Behavior\BuildLiteBehavior [ RunTime:0.000000s ]
INFO: [ app_init ] --END-- [ RunTime:0.000000s ]
INFO: [ app_begin ] --START--
INFO: Run Behavior\ReadHtmlCacheBehavior [ RunTime:0.001000s ]
INFO: [ app_begin ] --END-- [ RunTime:0.001000s ]
INFO: [ test ] --START--
INFO: Run Home\Behavior\TestBehavior [ RunTime:0.001000s ]
INFO: [ test ] --END-- [ RunTime:0.001000s ]
ERR: 无法加载数据库驱动: Think\Db\Driver\

[ 2015-05-05T19:40:13+08:00 ] 127.0.0.1 /Home/User/index.html
INFO: [ app_init ] --START--
INFO: Run Behavior\BuildLiteBehavior [ RunTime:0.000000s ]
INFO: [ app_init ] --END-- [ RunTime:0.000000s ]
INFO: [ app_begin ] --START--
INFO: Run Behavior\ReadHtmlCacheBehavior [ RunTime:0.000000s ]
INFO: [ app_begin ] --END-- [ RunTime:0.000000s ]
INFO: [ test ] --START--
INFO: Run Home\Behavior\TestBehavior [ RunTime:0.000000s ]
INFO: [ test ] --END-- [ RunTime:0.000000s ]
ERR: 无法加载数据库驱动: Think\Db\Driver\

[ 2015-05-05T19:40:13+08:00 ] 127.0.0.1 /Home/User/index.html
INFO: [ app_init ] --START--
INFO: Run Behavior\BuildLiteBehavior [ RunTime:0.000000s ]
INFO: [ app_init ] --END-- [ RunTime:0.000000s ]
INFO: [ app_begin ] --START--
INFO: Run Behavior\ReadHtmlCacheBehavior [ RunTime:0.001001s ]
INFO: [ app_begin ] --END-- [ RunTime:0.001001s ]
INFO: [ test ] --START--
INFO: Run Home\Behavior\TestBehavior [ RunTime:0.001000s ]
INFO: [ test ] --END-- [ RunTime:0.001000s ]
ERR: 无法加载数据库驱动: Think\Db\Driver\

[ 2015-05-05T19:40:13+08:00 ] 127.0.0.1 /Home/User/index.html
INFO: [ app_init ] --START--
INFO: Run Behavior\BuildLiteBehavior [ RunTime:0.000000s ]
INFO: [ app_init ] --END-- [ RunTime:0.000000s ]
INFO: [ app_begin ] --START--
INFO: Run Behavior\ReadHtmlCacheBehavior [ RunTime:0.000000s ]
INFO: [ app_begin ] --END-- [ RunTime:0.000000s ]
INFO: [ test ] --START--
INFO: Run Home\Behavior\TestBehavior [ RunTime:0.000000s ]
INFO: [ test ] --END-- [ RunTime:0.000000s ]
ERR: 无法加载数据库驱动: Think\Db\Driver\

[ 2015-05-05T19:40:13+08:00 ] 127.0.0.1 /Home/User/index.html
INFO: [ app_init ] --START--
INFO: Run Behavior\BuildLiteBehavior [ RunTime:0.000000s ]
INFO: [ app_init ] --END-- [ RunTime:0.001000s ]
INFO: [ app_begin ] --START--
INFO: Run Behavior\ReadHtmlCacheBehavior [ RunTime:0.001000s ]
INFO: [ app_begin ] --END-- [ RunTime:0.001000s ]
INFO: [ test ] --START--
INFO: Run Home\Behavior\TestBehavior [ RunTime:0.001000s ]
INFO: [ test ] --END-- [ RunTime:0.001000s ]
ERR: 无法加载数据库驱动: Think\Db\Driver\

[ 2015-05-05T19:40:28+08:00 ] 127.0.0.1 /Home/User/index.html
INFO: [ app_init ] --START--
INFO: Run Behavior\BuildLiteBehavior [ RunTime:0.000000s ]
INFO: [ app_init ] --END-- [ RunTime:0.000000s ]
INFO: [ app_begin ] --START--
INFO: Run Behavior\ReadHtmlCacheBehavior [ RunTime:0.000000s ]
INFO: [ app_begin ] --END-- [ RunTime:0.000000s ]
INFO: [ test ] --START--
INFO: Run Home\Behavior\TestBehavior [ RunTime:0.000000s ]
INFO: [ test ] --END-- [ RunTime:0.000000s ]

[ 2015-05-05T19:40:34+08:00 ] 127.0.0.1 /Home/User/index.html
INFO: [ app_init ] --START--
INFO: Run Behavior\BuildLiteBehavior [ RunTime:0.000000s ]
INFO: [ app_init ] --END-- [ RunTime:0.000000s ]
INFO: [ app_begin ] --START--
INFO: Run Behavior\ReadHtmlCacheBehavior [ RunTime:0.001000s ]
INFO: [ app_begin ] --END-- [ RunTime:0.001000s ]
INFO: [ test ] --START--
INFO: Run Home\Behavior\TestBehavior [ RunTime:0.001000s ]
INFO: [ test ] --END-- [ RunTime:0.001000s ]

[ 2015-05-05T19:40:34+08:00 ] 127.0.0.1 /Home/User/index.html
INFO: [ app_init ] --START--
INFO: Run Behavior\BuildLiteBehavior [ RunTime:0.000000s ]
INFO: [ app_init ] --END-- [ RunTime:0.001000s ]
INFO: [ app_begin ] --START--
INFO: Run Behavior\ReadHtmlCacheBehavior [ RunTime:0.001000s ]
INFO: [ app_begin ] --END-- [ RunTime:0.001000s ]
INFO: [ test ] --START--
INFO: Run Home\Behavior\TestBehavior [ RunTime:0.001000s ]
INFO: [ test ] --END-- [ RunTime:0.001000s ]

[ 2015-05-05T19:40:35+08:00 ] 127.0.0.1 /Home/User/index.html
INFO: [ app_init ] --START--
INFO: Run Behavior\BuildLiteBehavior [ RunTime:0.000000s ]
INFO: [ app_init ] --END-- [ RunTime:0.000000s ]
INFO: [ app_begin ] --START--
INFO: Run Behavior\ReadHtmlCacheBehavior [ RunTime:0.000000s ]
INFO: [ app_begin ] --END-- [ RunTime:0.000000s ]
INFO: [ test ] --START--
INFO: Run Home\Behavior\TestBehavior [ RunTime:0.000000s ]
INFO: [ test ] --END-- [ RunTime:0.000000s ]

[ 2015-05-05T19:40:35+08:00 ] 127.0.0.1 /Home/User/index.html
INFO: [ app_init ] --START--
INFO: Run Behavior\BuildLiteBehavior [ RunTime:0.000000s ]
INFO: [ app_init ] --END-- [ RunTime:0.000000s ]
INFO: [ app_begin ] --START--
INFO: Run Behavior\ReadHtmlCacheBehavior [ RunTime:0.001000s ]
INFO: [ app_begin ] --END-- [ RunTime:0.001000s ]
INFO: [ test ] --START--
INFO: Run Home\Behavior\TestBehavior [ RunTime:0.001000s ]
INFO: [ test ] --END-- [ RunTime:0.001000s ]

[ 2015-05-05T19:40:53+08:00 ] 127.0.0.1 /Home/User/index.html
INFO: [ app_init ] --START--
INFO: Run Behavior\BuildLiteBehavior [ RunTime:0.000000s ]
INFO: [ app_init ] --END-- [ RunTime:0.000000s ]
INFO: [ app_begin ] --START--
INFO: Run Behavior\ReadHtmlCacheBehavior [ RunTime:0.000000s ]
INFO: [ app_begin ] --END-- [ RunTime:0.000000s ]
INFO: [ test ] --START--
INFO: Run Home\Behavior\TestBehavior [ RunTime:0.000000s ]
INFO: [ test ] --END-- [ RunTime:0.000000s ]
ERR: could not find driver

[ 2015-05-05T19:41:16+08:00 ] 127.0.0.1 /Home/User/index.html
INFO: [ app_init ] --START--
INFO: Run Behavior\BuildLiteBehavior [ RunTime:0.000000s ]
INFO: [ app_init ] --END-- [ RunTime:0.000000s ]
INFO: [ app_begin ] --START--
INFO: Run Behavior\ReadHtmlCacheBehavior [ RunTime:0.001000s ]
INFO: [ app_begin ] --END-- [ RunTime:0.001000s ]
INFO: [ test ] --START--
INFO: Run Home\Behavior\TestBehavior [ RunTime:0.001000s ]
INFO: [ test ] --END-- [ RunTime:0.001000s ]
ERR: could not find driver

[ 2015-05-05T19:41:25+08:00 ] 127.0.0.1 /Home/User/index.html
INFO: [ app_init ] --START--
INFO: Run Behavior\BuildLiteBehavior [ RunTime:0.000000s ]
INFO: [ app_init ] --END-- [ RunTime:0.001000s ]
INFO: [ app_begin ] --START--
INFO: Run Behavior\ReadHtmlCacheBehavior [ RunTime:0.000000s ]
INFO: [ app_begin ] --END-- [ RunTime:0.000000s ]
INFO: [ test ] --START--
INFO: Run Home\Behavior\TestBehavior [ RunTime:0.001000s ]
INFO: [ test ] --END-- [ RunTime:0.001000s ]
ERR: could not find driver

[ 2015-05-05T19:41:51+08:00 ] 127.0.0.1 /Home/User/index.html
INFO: [ app_init ] --START--
INFO: Run Behavior\BuildLiteBehavior [ RunTime:0.000000s ]
INFO: [ app_init ] --END-- [ RunTime:0.001000s ]
INFO: [ app_begin ] --START--
INFO: Run Behavior\ReadHtmlCacheBehavior [ RunTime:0.001000s ]
INFO: [ app_begin ] --END-- [ RunTime:0.001000s ]
INFO: [ test ] --START--
INFO: Run Home\Behavior\TestBehavior [ RunTime:0.001000s ]
INFO: [ test ] --END-- [ RunTime:0.001000s ]
ERR: could not find driver

[ 2015-05-05T19:42:22+08:00 ] 127.0.0.1 /Home/User/index.html
INFO: [ app_init ] --START--
INFO: Run Behavior\BuildLiteBehavior [ RunTime:0.000000s ]
INFO: [ app_init ] --END-- [ RunTime:0.000000s ]
INFO: [ app_begin ] --START--
INFO: Run Behavior\ReadHtmlCacheBehavior [ RunTime:0.000000s ]
INFO: [ app_begin ] --END-- [ RunTime:0.000000s ]
INFO: [ test ] --START--
INFO: Run Home\Behavior\TestBehavior [ RunTime:0.000000s ]
INFO: [ test ] --END-- [ RunTime:0.000000s ]
ERR: could not find driver

[ 2015-05-05T19:43:49+08:00 ] 127.0.0.1 /Home/User/index.html
INFO: [ app_init ] --START--
INFO: Run Behavior\BuildLiteBehavior [ RunTime:0.000000s ]
INFO: [ app_init ] --END-- [ RunTime:0.001000s ]
INFO: [ app_begin ] --START--
INFO: Run Behavior\ReadHtmlCacheBehavior [ RunTime:0.001000s ]
INFO: [ app_begin ] --END-- [ RunTime:0.001000s ]
INFO: [ test ] --START--
INFO: Run Home\Behavior\TestBehavior [ RunTime:0.001000s ]
INFO: [ test ] --END-- [ RunTime:0.001000s ]
ERR: could not find driver

[ 2015-05-05T19:43:50+08:00 ] 127.0.0.1 /Home/User/index.html
INFO: [ app_init ] --START--
INFO: Run Behavior\BuildLiteBehavior [ RunTime:0.000000s ]
INFO: [ app_init ] --END-- [ RunTime:0.000000s ]
INFO: [ app_begin ] --START--
INFO: Run Behavior\ReadHtmlCacheBehavior [ RunTime:0.000000s ]
INFO: [ app_begin ] --END-- [ RunTime:0.000000s ]
INFO: [ test ] --START--
INFO: Run Home\Behavior\TestBehavior [ RunTime:0.000000s ]
INFO: [ test ] --END-- [ RunTime:0.000000s ]
ERR: could not find driver

[ 2015-05-05T19:43:50+08:00 ] 127.0.0.1 /Home/User/index.html
INFO: [ app_init ] --START--
INFO: Run Behavior\BuildLiteBehavior [ RunTime:0.000000s ]
INFO: [ app_init ] --END-- [ RunTime:0.001000s ]
INFO: [ app_begin ] --START--
INFO: Run Behavior\ReadHtmlCacheBehavior [ RunTime:0.000000s ]
INFO: [ app_begin ] --END-- [ RunTime:0.000000s ]
INFO: [ test ] --START--
INFO: Run Home\Behavior\TestBehavior [ RunTime:0.000000s ]
INFO: [ test ] --END-- [ RunTime:0.000000s ]
ERR: could not find driver

[ 2015-05-05T19:43:50+08:00 ] 127.0.0.1 /Home/User/index.html
INFO: [ app_init ] --START--
INFO: Run Behavior\BuildLiteBehavior [ RunTime:0.000000s ]
INFO: [ app_init ] --END-- [ RunTime:0.001000s ]
INFO: [ app_begin ] --START--
INFO: Run Behavior\ReadHtmlCacheBehavior [ RunTime:0.001000s ]
INFO: [ app_begin ] --END-- [ RunTime:0.001000s ]
INFO: [ test ] --START--
INFO: Run Home\Behavior\TestBehavior [ RunTime:0.000000s ]
INFO: [ test ] --END-- [ RunTime:0.001000s ]
ERR: could not find driver

[ 2015-05-05T19:43:50+08:00 ] 127.0.0.1 /Home/User/index.html
INFO: [ app_init ] --START--
INFO: Run Behavior\BuildLiteBehavior [ RunTime:0.000000s ]
INFO: [ app_init ] --END-- [ RunTime:0.001000s ]
INFO: [ app_begin ] --START--
INFO: Run Behavior\ReadHtmlCacheBehavior [ RunTime:0.001000s ]
INFO: [ app_begin ] --END-- [ RunTime:0.001000s ]
INFO: [ test ] --START--
INFO: Run Home\Behavior\TestBehavior [ RunTime:0.000000s ]
INFO: [ test ] --END-- [ RunTime:0.000000s ]
ERR: could not find driver

[ 2015-05-05T19:44:01+08:00 ] 127.0.0.1 /Home/User/index.html
INFO: [ app_init ] --START--
INFO: Run Behavior\BuildLiteBehavior [ RunTime:0.000000s ]
INFO: [ app_init ] --END-- [ RunTime:0.000000s ]
INFO: [ app_begin ] --START--
INFO: Run Behavior\ReadHtmlCacheBehavior [ RunTime:0.000000s ]
INFO: [ app_begin ] --END-- [ RunTime:0.000000s ]
INFO: [ test ] --START--
INFO: Run Home\Behavior\TestBehavior [ RunTime:0.000000s ]
INFO: [ test ] --END-- [ RunTime:0.000000s ]
ERR: could not find driver

[ 2015-05-05T19:44:02+08:00 ] 127.0.0.1 /Home/User/index.html
INFO: [ app_init ] --START--
INFO: Run Behavior\BuildLiteBehavior [ RunTime:0.000000s ]
INFO: [ app_init ] --END-- [ RunTime:0.000000s ]
INFO: [ app_begin ] --START--
INFO: Run Behavior\ReadHtmlCacheBehavior [ RunTime:0.000000s ]
INFO: [ app_begin ] --END-- [ RunTime:0.000000s ]
INFO: [ test ] --START--
INFO: Run Home\Behavior\TestBehavior [ RunTime:0.000000s ]
INFO: [ test ] --END-- [ RunTime:0.000000s ]
ERR: could not find driver

[ 2015-05-05T19:44:02+08:00 ] 127.0.0.1 /Home/User/index.html
INFO: [ app_init ] --START--
INFO: Run Behavior\BuildLiteBehavior [ RunTime:0.000000s ]
INFO: [ app_init ] --END-- [ RunTime:0.001000s ]
INFO: [ app_begin ] --START--
INFO: Run Behavior\ReadHtmlCacheBehavior [ RunTime:0.000000s ]
INFO: [ app_begin ] --END-- [ RunTime:0.001000s ]
INFO: [ test ] --START--
INFO: Run Home\Behavior\TestBehavior [ RunTime:0.000000s ]
INFO: [ test ] --END-- [ RunTime:0.000000s ]
ERR: could not find driver

[ 2015-05-05T19:44:02+08:00 ] 127.0.0.1 /Home/User/index.html
INFO: [ app_init ] --START--
INFO: Run Behavior\BuildLiteBehavior [ RunTime:0.000000s ]
INFO: [ app_init ] --END-- [ RunTime:0.000000s ]
INFO: [ app_begin ] --START--
INFO: Run Behavior\ReadHtmlCacheBehavior [ RunTime:0.001000s ]
INFO: [ app_begin ] --END-- [ RunTime:0.001000s ]
INFO: [ test ] --START--
INFO: Run Home\Behavior\TestBehavior [ RunTime:0.001000s ]
INFO: [ test ] --END-- [ RunTime:0.001000s ]
ERR: could not find driver

[ 2015-05-05T19:44:02+08:00 ] 127.0.0.1 /Home/User/index.html
INFO: [ app_init ] --START--
INFO: Run Behavior\BuildLiteBehavior [ RunTime:0.000000s ]
INFO: [ app_init ] --END-- [ RunTime:0.001000s ]
INFO: [ app_begin ] --START--
INFO: Run Behavior\ReadHtmlCacheBehavior [ RunTime:0.000000s ]
INFO: [ app_begin ] --END-- [ RunTime:0.000000s ]
INFO: [ test ] --START--
INFO: Run Home\Behavior\TestBehavior [ RunTime:0.001000s ]
INFO: [ test ] --END-- [ RunTime:0.001000s ]
ERR: could not find driver

[ 2015-05-05T19:44:20+08:00 ] 127.0.0.1 /Home/User/index.html
INFO: [ app_init ] --START--
INFO: Run Behavior\BuildLiteBehavior [ RunTime:0.000000s ]
INFO: [ app_init ] --END-- [ RunTime:0.001000s ]
INFO: [ app_begin ] --START--
INFO: Run Behavior\ReadHtmlCacheBehavior [ RunTime:0.001000s ]
INFO: [ app_begin ] --END-- [ RunTime:0.001000s ]
INFO: [ test ] --START--
INFO: Run Home\Behavior\TestBehavior [ RunTime:0.000000s ]
INFO: [ test ] --END-- [ RunTime:0.001001s ]

[ 2015-05-05T19:44:39+08:00 ] 127.0.0.1 /Home/User/index.html
INFO: [ app_init ] --START--
INFO: Run Behavior\BuildLiteBehavior [ RunTime:0.000000s ]
INFO: [ app_init ] --END-- [ RunTime:0.000000s ]
INFO: [ app_begin ] --START--
INFO: Run Behavior\ReadHtmlCacheBehavior [ RunTime:0.000000s ]
INFO: [ app_begin ] --END-- [ RunTime:0.000000s ]
INFO: [ test ] --START--
INFO: Run Home\Behavior\TestBehavior [ RunTime:0.001000s ]
INFO: [ test ] --END-- [ RunTime:0.001000s ]
ERR: could not find driver

[ 2015-05-05T19:46:23+08:00 ] 127.0.0.1 /Home/User/index.html
INFO: [ app_init ] --START--
INFO: Run Behavior\BuildLiteBehavior [ RunTime:0.000000s ]
INFO: [ app_init ] --END-- [ RunTime:0.001000s ]
INFO: [ app_begin ] --START--
INFO: Run Behavior\ReadHtmlCacheBehavior [ RunTime:0.001000s ]
INFO: [ app_begin ] --END-- [ RunTime:0.001000s ]
INFO: [ test ] --START--
INFO: Run Home\Behavior\TestBehavior [ RunTime:0.001000s ]
INFO: [ test ] --END-- [ RunTime:0.001000s ]
ERR: could not find driver

[ 2015-05-05T19:46:55+08:00 ] 127.0.0.1 /Home/User/index.html
INFO: [ app_init ] --START--
INFO: Run Behavior\BuildLiteBehavior [ RunTime:0.000000s ]
INFO: [ app_init ] --END-- [ RunTime:0.001001s ]
INFO: [ app_begin ] --START--
INFO: Run Behavior\ReadHtmlCacheBehavior [ RunTime:0.001000s ]
INFO: [ app_begin ] --END-- [ RunTime:0.001000s ]
INFO: [ test ] --START--
INFO: Run Home\Behavior\TestBehavior [ RunTime:0.001000s ]
INFO: [ test ] --END-- [ RunTime:0.001000s ]
ERR: could not find driver

[ 2015-05-05T19:48:48+08:00 ] 127.0.0.1 /Home/User/index.html
INFO: [ app_init ] --START--
INFO: Run Behavior\BuildLiteBehavior [ RunTime:0.000000s ]
INFO: [ app_init ] --END-- [ RunTime:0.001000s ]
INFO: [ app_begin ] --START--
INFO: Run Behavior\ReadHtmlCacheBehavior [ RunTime:0.001000s ]
INFO: [ app_begin ] --END-- [ RunTime:0.001000s ]
INFO: [ test ] --START--
INFO: Run Home\Behavior\TestBehavior [ RunTime:0.001000s ]
INFO: [ test ] --END-- [ RunTime:0.001000s ]
ERR: could not find driver

[ 2015-05-05T19:52:14+08:00 ] 127.0.0.1 /Home/User/index.html
INFO: [ app_init ] --START--
INFO: Run Behavior\BuildLiteBehavior [ RunTime:0.000000s ]
INFO: [ app_init ] --END-- [ RunTime:0.001001s ]
INFO: [ app_begin ] --START--
INFO: Run Behavior\ReadHtmlCacheBehavior [ RunTime:0.001000s ]
INFO: [ app_begin ] --END-- [ RunTime:0.001000s ]
INFO: [ test ] --START--
INFO: Run Home\Behavior\TestBehavior [ RunTime:0.000000s ]
INFO: [ test ] --END-- [ RunTime:0.000000s ]
ERR: could not find driver

[ 2015-05-05T19:52:15+08:00 ] 127.0.0.1 /Home/User/index.html
INFO: [ app_init ] --START--
INFO: Run Behavior\BuildLiteBehavior [ RunTime:0.000000s ]
INFO: [ app_init ] --END-- [ RunTime:0.000000s ]
INFO: [ app_begin ] --START--
INFO: Run Behavior\ReadHtmlCacheBehavior [ RunTime:0.001000s ]
INFO: [ app_begin ] --END-- [ RunTime:0.001000s ]
INFO: [ test ] --START--
INFO: Run Home\Behavior\TestBehavior [ RunTime:0.001001s ]
INFO: [ test ] --END-- [ RunTime:0.001001s ]
ERR: could not find driver

[ 2015-05-05T19:52:15+08:00 ] 127.0.0.1 /Home/User/index.html
INFO: [ app_init ] --START--
INFO: Run Behavior\BuildLiteBehavior [ RunTime:0.001000s ]
INFO: [ app_init ] --END-- [ RunTime:0.001000s ]
INFO: [ app_begin ] --START--
INFO: Run Behavior\ReadHtmlCacheBehavior [ RunTime:0.000000s ]
INFO: [ app_begin ] --END-- [ RunTime:0.000000s ]
INFO: [ test ] --START--
INFO: Run Home\Behavior\TestBehavior [ RunTime:0.001000s ]
INFO: [ test ] --END-- [ RunTime:0.001000s ]
ERR: could not find driver

[ 2015-05-05T19:52:15+08:00 ] 127.0.0.1 /Home/User/index.html
INFO: [ app_init ] --START--
INFO: Run Behavior\BuildLiteBehavior [ RunTime:0.000000s ]
INFO: [ app_init ] --END-- [ RunTime:0.001000s ]
INFO: [ app_begin ] --START--
INFO: Run Behavior\ReadHtmlCacheBehavior [ RunTime:0.001001s ]
INFO: [ app_begin ] --END-- [ RunTime:0.001001s ]
INFO: [ test ] --START--
INFO: Run Home\Behavior\TestBehavior [ RunTime:0.001000s ]
INFO: [ test ] --END-- [ RunTime:0.001000s ]
ERR: could not find driver

[ 2015-05-05T19:52:15+08:00 ] 127.0.0.1 /Home/User/index.html
INFO: [ app_init ] --START--
INFO: Run Behavior\BuildLiteBehavior [ RunTime:0.000000s ]
INFO: [ app_init ] --END-- [ RunTime:0.000000s ]
INFO: [ app_begin ] --START--
INFO: Run Behavior\ReadHtmlCacheBehavior [ RunTime:0.000000s ]
INFO: [ app_begin ] --END-- [ RunTime:0.000000s ]
INFO: [ test ] --START--
INFO: Run Home\Behavior\TestBehavior [ RunTime:0.001000s ]
INFO: [ test ] --END-- [ RunTime:0.001000s ]
ERR: could not find driver

[ 2015-05-05T19:52:15+08:00 ] 127.0.0.1 /Home/User/index.html
INFO: [ app_init ] --START--
INFO: Run Behavior\BuildLiteBehavior [ RunTime:0.000000s ]
INFO: [ app_init ] --END-- [ RunTime:0.000000s ]
INFO: [ app_begin ] --START--
INFO: Run Behavior\ReadHtmlCacheBehavior [ RunTime:0.000000s ]
INFO: [ app_begin ] --END-- [ RunTime:0.000000s ]
INFO: [ test ] --START--
INFO: Run Home\Behavior\TestBehavior [ RunTime:0.001000s ]
INFO: [ test ] --END-- [ RunTime:0.001000s ]
ERR: could not find driver

[ 2015-05-05T19:52:16+08:00 ] 127.0.0.1 /Home/User/index.html
INFO: [ app_init ] --START--
INFO: Run Behavior\BuildLiteBehavior [ RunTime:0.000000s ]
INFO: [ app_init ] --END-- [ RunTime:0.000000s ]
INFO: [ app_begin ] --START--
INFO: Run Behavior\ReadHtmlCacheBehavior [ RunTime:0.000000s ]
INFO: [ app_begin ] --END-- [ RunTime:0.000000s ]
INFO: [ test ] --START--
INFO: Run Home\Behavior\TestBehavior [ RunTime:0.001000s ]
INFO: [ test ] --END-- [ RunTime:0.001000s ]
ERR: could not find driver

[ 2015-05-05T19:52:16+08:00 ] 127.0.0.1 /Home/User/index.html
INFO: [ app_init ] --START--
INFO: Run Behavior\BuildLiteBehavior [ RunTime:0.000000s ]
INFO: [ app_init ] --END-- [ RunTime:0.000000s ]
INFO: [ app_begin ] --START--
INFO: Run Behavior\ReadHtmlCacheBehavior [ RunTime:0.000000s ]
INFO: [ app_begin ] --END-- [ RunTime:0.000000s ]
INFO: [ test ] --START--
INFO: Run Home\Behavior\TestBehavior [ RunTime:0.000000s ]
INFO: [ test ] --END-- [ RunTime:0.000000s ]
ERR: could not find driver

[ 2015-05-05T19:52:16+08:00 ] 127.0.0.1 /Home/User/index.html
INFO: [ app_init ] --START--
INFO: Run Behavior\BuildLiteBehavior [ RunTime:0.000000s ]
INFO: [ app_init ] --END-- [ RunTime:0.001000s ]
INFO: [ app_begin ] --START--
INFO: Run Behavior\ReadHtmlCacheBehavior [ RunTime:0.001000s ]
INFO: [ app_begin ] --END-- [ RunTime:0.001000s ]
INFO: [ test ] --START--
INFO: Run Home\Behavior\TestBehavior [ RunTime:0.001000s ]
INFO: [ test ] --END-- [ RunTime:0.001000s ]
ERR: could not find driver

[ 2015-05-05T19:52:16+08:00 ] 127.0.0.1 /Home/User/index.html
INFO: [ app_init ] --START--
INFO: Run Behavior\BuildLiteBehavior [ RunTime:0.000000s ]
INFO: [ app_init ] --END-- [ RunTime:0.001000s ]
INFO: [ app_begin ] --START--
INFO: Run Behavior\ReadHtmlCacheBehavior [ RunTime:0.001000s ]
INFO: [ app_begin ] --END-- [ RunTime:0.001000s ]
INFO: [ test ] --START--
INFO: Run Home\Behavior\TestBehavior [ RunTime:0.001000s ]
INFO: [ test ] --END-- [ RunTime:0.001000s ]
ERR: could not find driver

[ 2015-05-05T19:52:16+08:00 ] 127.0.0.1 /Home/User/index.html
INFO: [ app_init ] --START--
INFO: Run Behavior\BuildLiteBehavior [ RunTime:0.000000s ]
INFO: [ app_init ] --END-- [ RunTime:0.001000s ]
INFO: [ app_begin ] --START--
INFO: Run Behavior\ReadHtmlCacheBehavior [ RunTime:0.000000s ]
INFO: [ app_begin ] --END-- [ RunTime:0.000000s ]
INFO: [ test ] --START--
INFO: Run Home\Behavior\TestBehavior [ RunTime:0.001000s ]
INFO: [ test ] --END-- [ RunTime:0.001000s ]
ERR: could not find driver

[ 2015-05-05T19:52:16+08:00 ] 127.0.0.1 /Home/User/index.html
INFO: [ app_init ] --START--
INFO: Run Behavior\BuildLiteBehavior [ RunTime:0.000000s ]
INFO: [ app_init ] --END-- [ RunTime:0.000000s ]
INFO: [ app_begin ] --START--
INFO: Run Behavior\ReadHtmlCacheBehavior [ RunTime:0.001000s ]
INFO: [ app_begin ] --END-- [ RunTime:0.001000s ]
INFO: [ test ] --START--
INFO: Run Home\Behavior\TestBehavior [ RunTime:0.000000s ]
INFO: [ test ] --END-- [ RunTime:0.000000s ]
ERR: could not find driver

[ 2015-05-05T19:52:17+08:00 ] 127.0.0.1 /Home/User/index.html
INFO: [ app_init ] --START--
INFO: Run Behavior\BuildLiteBehavior [ RunTime:0.000000s ]
INFO: [ app_init ] --END-- [ RunTime:0.000000s ]
INFO: [ app_begin ] --START--
INFO: Run Behavior\ReadHtmlCacheBehavior [ RunTime:0.000000s ]
INFO: [ app_begin ] --END-- [ RunTime:0.000000s ]
INFO: [ test ] --START--
INFO: Run Home\Behavior\TestBehavior [ RunTime:0.000000s ]
INFO: [ test ] --END-- [ RunTime:0.000000s ]
ERR: could not find driver

[ 2015-05-05T19:52:17+08:00 ] 127.0.0.1 /Home/User/index.html
INFO: [ app_init ] --START--
INFO: Run Behavior\BuildLiteBehavior [ RunTime:0.000000s ]
INFO: [ app_init ] --END-- [ RunTime:0.001000s ]
INFO: [ app_begin ] --START--
INFO: Run Behavior\ReadHtmlCacheBehavior [ RunTime:0.001000s ]
INFO: [ app_begin ] --END-- [ RunTime:0.001000s ]
INFO: [ test ] --START--
INFO: Run Home\Behavior\TestBehavior [ RunTime:0.001000s ]
INFO: [ test ] --END-- [ RunTime:0.001000s ]
ERR: could not find driver

[ 2015-05-05T19:56:47+08:00 ] 127.0.0.1 /Home/User/index.html
INFO: [ app_init ] --START--
INFO: Run Behavior\BuildLiteBehavior [ RunTime:0.000000s ]
INFO: [ app_init ] --END-- [ RunTime:0.000000s ]
INFO: [ app_begin ] --START--
INFO: Run Behavior\ReadHtmlCacheBehavior [ RunTime:0.001000s ]
INFO: [ app_begin ] --END-- [ RunTime:0.001000s ]
INFO: [ test ] --START--
INFO: Run Home\Behavior\TestBehavior [ RunTime:0.001000s ]
INFO: [ test ] --END-- [ RunTime:0.001000s ]
SQL: SHOW COLUMNS FROM `findjob_jj_code` [ RunTime:0.0370s ]
NOTIC: [8] Undefined variable: data E:\www\Application\Home\Controller\UserController.class.php 第 10 行.
INFO: [ app_end ] --START--
INFO: Run Behavior\ShowPageTraceBehavior [ RunTime:0.001000s ]
INFO: [ app_end ] --END-- [ RunTime:0.001000s ]

[ 2015-05-05T19:56:59+08:00 ] 127.0.0.1 /Home/User/index.html
INFO: [ app_init ] --START--
INFO: Run Behavior\BuildLiteBehavior [ RunTime:0.000000s ]
INFO: [ app_init ] --END-- [ RunTime:0.000000s ]
INFO: [ app_begin ] --START--
INFO: Run Behavior\ReadHtmlCacheBehavior [ RunTime:0.001000s ]
INFO: [ app_begin ] --END-- [ RunTime:0.001000s ]
INFO: [ test ] --START--
INFO: Run Home\Behavior\TestBehavior [ RunTime:0.000000s ]
INFO: [ test ] --END-- [ RunTime:0.000000s ]
SQL: SHOW COLUMNS FROM `findjob_jj_code` [ RunTime:0.0080s ]
NOTIC: [8] Undefined variable: Code E:\www\Application\Home\Controller\UserController.class.php 第 9 行.

[ 2015-05-05T19:57:09+08:00 ] 127.0.0.1 /Home/User/index.html
INFO: [ app_init ] --START--
INFO: Run Behavior\BuildLiteBehavior [ RunTime:0.000000s ]
INFO: [ app_init ] --END-- [ RunTime:0.000000s ]
INFO: [ app_begin ] --START--
INFO: Run Behavior\ReadHtmlCacheBehavior [ RunTime:0.001000s ]
INFO: [ app_begin ] --END-- [ RunTime:0.001000s ]
INFO: [ test ] --START--
INFO: Run Home\Behavior\TestBehavior [ RunTime:0.000000s ]
INFO: [ test ] --END-- [ RunTime:0.000000s ]
SQL: SHOW COLUMNS FROM `findjob_jj_code` [ RunTime:0.0090s ]
NOTIC: [8] Undefined variable: Code E:\www\Application\Home\Controller\UserController.class.php 第 9 行.

[ 2015-05-05T19:57:10+08:00 ] 127.0.0.1 /Home/User/index.html
INFO: [ app_init ] --START--
INFO: Run Behavior\BuildLiteBehavior [ RunTime:0.000000s ]
INFO: [ app_init ] --END-- [ RunTime:0.001000s ]
INFO: [ app_begin ] --START--
INFO: Run Behavior\ReadHtmlCacheBehavior [ RunTime:0.000000s ]
INFO: [ app_begin ] --END-- [ RunTime:0.000000s ]
INFO: [ test ] --START--
INFO: Run Home\Behavior\TestBehavior [ RunTime:0.001000s ]
INFO: [ test ] --END-- [ RunTime:0.001000s ]
SQL: SHOW COLUMNS FROM `findjob_jj_code` [ RunTime:0.0080s ]
NOTIC: [8] Undefined variable: Code E:\www\Application\Home\Controller\UserController.class.php 第 9 行.

[ 2015-05-05T19:57:10+08:00 ] 127.0.0.1 /Home/User/index.html
INFO: [ app_init ] --START--
INFO: Run Behavior\BuildLiteBehavior [ RunTime:0.000000s ]
INFO: [ app_init ] --END-- [ RunTime:0.001000s ]
INFO: [ app_begin ] --START--
INFO: Run Behavior\ReadHtmlCacheBehavior [ RunTime:0.001000s ]
INFO: [ app_begin ] --END-- [ RunTime:0.001000s ]
INFO: [ test ] --START--
INFO: Run Home\Behavior\TestBehavior [ RunTime:0.001000s ]
INFO: [ test ] --END-- [ RunTime:0.001000s ]
SQL: SHOW COLUMNS FROM `findjob_jj_code` [ RunTime:0.0050s ]
NOTIC: [8] Undefined variable: Code E:\www\Application\Home\Controller\UserController.class.php 第 9 行.

[ 2015-05-05T19:57:34+08:00 ] 127.0.0.1 /Home/User/index.html
INFO: [ app_init ] --START--
INFO: Run Behavior\BuildLiteBehavior [ RunTime:0.000000s ]
INFO: [ app_init ] --END-- [ RunTime:0.000000s ]
INFO: [ app_begin ] --START--
INFO: Run Behavior\ReadHtmlCacheBehavior [ RunTime:0.000000s ]
INFO: [ app_begin ] --END-- [ RunTime:0.000000s ]
INFO: [ test ] --START--
INFO: Run Home\Behavior\TestBehavior [ RunTime:0.000000s ]
INFO: [ test ] --END-- [ RunTime:0.000000s ]
SQL: SHOW COLUMNS FROM `findjob_jj_code` [ RunTime:0.0080s ]
SQL: SELECT * FROM `findjob_jj_code` LIMIT 1   [ RunTime:0.0000s ]
INFO: [ app_end ] --START--
INFO: Run Behavior\ShowPageTraceBehavior [ RunTime:0.001000s ]
INFO: [ app_end ] --END-- [ RunTime:0.001000s ]

[ 2015-05-05T19:57:42+08:00 ] 127.0.0.1 /Home/User/index.html
INFO: [ app_init ] --START--
INFO: Run Behavior\BuildLiteBehavior [ RunTime:0.000000s ]
INFO: [ app_init ] --END-- [ RunTime:0.000000s ]
INFO: [ app_begin ] --START--
INFO: Run Behavior\ReadHtmlCacheBehavior [ RunTime:0.000000s ]
INFO: [ app_begin ] --END-- [ RunTime:0.000000s ]
INFO: [ test ] --START--
INFO: Run Home\Behavior\TestBehavior [ RunTime:0.001000s ]
INFO: [ test ] --END-- [ RunTime:0.001000s ]
SQL: SHOW COLUMNS FROM `findjob_jj_code` [ RunTime:0.0080s ]
SQL: SELECT * FROM `findjob_jj_code` LIMIT 1   [ RunTime:0.0000s ]
INFO: [ app_end ] --START--
INFO: Run Behavior\ShowPageTraceBehavior [ RunTime:0.001000s ]
INFO: [ app_end ] --END-- [ RunTime:0.001000s ]

[ 2015-05-05T19:57:43+08:00 ] 127.0.0.1 /Home/User/index.html
INFO: [ app_init ] --START--
INFO: Run Behavior\BuildLiteBehavior [ RunTime:0.000000s ]
INFO: [ app_init ] --END-- [ RunTime:0.001000s ]
INFO: [ app_begin ] --START--
INFO: Run Behavior\ReadHtmlCacheBehavior [ RunTime:0.000000s ]
INFO: [ app_begin ] --END-- [ RunTime:0.000000s ]
INFO: [ test ] --START--
INFO: Run Home\Behavior\TestBehavior [ RunTime:0.001000s ]
INFO: [ test ] --END-- [ RunTime:0.001000s ]
SQL: SHOW COLUMNS FROM `findjob_jj_code` [ RunTime:0.0190s ]
SQL: SELECT * FROM `findjob_jj_code` LIMIT 1   [ RunTime:0.0000s ]
INFO: [ app_end ] --START--
INFO: Run Behavior\ShowPageTraceBehavior [ RunTime:0.001000s ]
INFO: [ app_end ] --END-- [ RunTime:0.001000s ]

[ 2015-05-05T19:57:43+08:00 ] 127.0.0.1 /Home/User/index.html
INFO: [ app_init ] --START--
INFO: Run Behavior\BuildLiteBehavior [ RunTime:0.000000s ]
INFO: [ app_init ] --END-- [ RunTime:0.000000s ]
INFO: [ app_begin ] --START--
INFO: Run Behavior\ReadHtmlCacheBehavior [ RunTime:0.001000s ]
INFO: [ app_begin ] --END-- [ RunTime:0.001000s ]
INFO: [ test ] --START--
INFO: Run Home\Behavior\TestBehavior [ RunTime:0.001000s ]
INFO: [ test ] --END-- [ RunTime:0.001000s ]
SQL: SHOW COLUMNS FROM `findjob_jj_code` [ RunTime:0.0050s ]
SQL: SELECT * FROM `findjob_jj_code` LIMIT 1   [ RunTime:0.0000s ]
INFO: [ app_end ] --START--
INFO: Run Behavior\ShowPageTraceBehavior [ RunTime:0.001000s ]
INFO: [ app_end ] --END-- [ RunTime:0.001000s ]

[ 2015-05-05T19:57:43+08:00 ] 127.0.0.1 /Home/User/index.html
INFO: [ app_init ] --START--
INFO: Run Behavior\BuildLiteBehavior [ RunTime:0.000000s ]
INFO: [ app_init ] --END-- [ RunTime:0.000000s ]
INFO: [ app_begin ] --START--
INFO: Run Behavior\ReadHtmlCacheBehavior [ RunTime:0.001000s ]
INFO: [ app_begin ] --END-- [ RunTime:0.001000s ]
INFO: [ test ] --START--
INFO: Run Home\Behavior\TestBehavior [ RunTime:0.000000s ]
INFO: [ test ] --END-- [ RunTime:0.000000s ]
SQL: SHOW COLUMNS FROM `findjob_jj_code` [ RunTime:0.0050s ]
SQL: SELECT * FROM `findjob_jj_code` LIMIT 1   [ RunTime:0.0000s ]
INFO: [ app_end ] --START--
INFO: Run Behavior\ShowPageTraceBehavior [ RunTime:0.001000s ]
INFO: [ app_end ] --END-- [ RunTime:0.001000s ]

[ 2015-05-05T19:57:44+08:00 ] 127.0.0.1 /Home/User/index.html
INFO: [ app_init ] --START--
INFO: Run Behavior\BuildLiteBehavior [ RunTime:0.000000s ]
INFO: [ app_init ] --END-- [ RunTime:0.001000s ]
INFO: [ app_begin ] --START--
INFO: Run Behavior\ReadHtmlCacheBehavior [ RunTime:0.001000s ]
INFO: [ app_begin ] --END-- [ RunTime:0.001000s ]
INFO: [ test ] --START--
INFO: Run Home\Behavior\TestBehavior [ RunTime:0.000000s ]
INFO: [ test ] --END-- [ RunTime:0.000000s ]
SQL: SHOW COLUMNS FROM `findjob_jj_code` [ RunTime:0.0100s ]
SQL: SELECT * FROM `findjob_jj_code` LIMIT 1   [ RunTime:0.0000s ]
INFO: [ app_end ] --START--
INFO: Run Behavior\ShowPageTraceBehavior [ RunTime:0.001001s ]
INFO: [ app_end ] --END-- [ RunTime:0.001001s ]

[ 2015-05-05T19:57:44+08:00 ] 127.0.0.1 /Home/User/index.html
INFO: [ app_init ] --START--
INFO: Run Behavior\BuildLiteBehavior [ RunTime:0.000000s ]
INFO: [ app_init ] --END-- [ RunTime:0.000000s ]
INFO: [ app_begin ] --START--
INFO: Run Behavior\ReadHtmlCacheBehavior [ RunTime:0.001001s ]
INFO: [ app_begin ] --END-- [ RunTime:0.001001s ]
INFO: [ test ] --START--
INFO: Run Home\Behavior\TestBehavior [ RunTime:0.000000s ]
INFO: [ test ] --END-- [ RunTime:0.000000s ]
SQL: SHOW COLUMNS FROM `findjob_jj_code` [ RunTime:0.0060s ]
SQL: SELECT * FROM `findjob_jj_code` LIMIT 1   [ RunTime:0.0000s ]
INFO: [ app_end ] --START--
INFO: Run Behavior\ShowPageTraceBehavior [ RunTime:0.001000s ]
INFO: [ app_end ] --END-- [ RunTime:0.001000s ]

[ 2015-05-05T19:58:16+08:00 ] 127.0.0.1 /Home/User/index.html
INFO: [ app_init ] --START--
INFO: Run Behavior\BuildLiteBehavior [ RunTime:0.000000s ]
INFO: [ app_init ] --END-- [ RunTime:0.000000s ]
INFO: [ app_begin ] --START--
INFO: Run Behavior\ReadHtmlCacheBehavior [ RunTime:0.000000s ]
INFO: [ app_begin ] --END-- [ RunTime:0.000000s ]
INFO: [ test ] --START--
INFO: Run Home\Behavior\TestBehavior [ RunTime:0.001000s ]
INFO: [ test ] --END-- [ RunTime:0.001000s ]
SQL: SHOW COLUMNS FROM `findjob_jj_code` [ RunTime:0.0080s ]
SQL: SELECT * FROM `findjob_jj_code`  [ RunTime:0.0840s ]
INFO: [ app_end ] --START--
INFO: Run Behavior\ShowPageTraceBehavior [ RunTime:0.001000s ]
INFO: [ app_end ] --END-- [ RunTime:0.001000s ]

[ 2015-05-05T19:58:24+08:00 ] 127.0.0.1 /Home/User/index.html
INFO: [ app_init ] --START--
INFO: Run Behavior\BuildLiteBehavior [ RunTime:0.000000s ]
INFO: [ app_init ] --END-- [ RunTime:0.000000s ]
INFO: [ app_begin ] --START--
INFO: Run Behavior\ReadHtmlCacheBehavior [ RunTime:0.000000s ]
INFO: [ app_begin ] --END-- [ RunTime:0.000000s ]
INFO: [ test ] --START--
INFO: Run Home\Behavior\TestBehavior [ RunTime:0.001000s ]
INFO: [ test ] --END-- [ RunTime:0.001000s ]
SQL: SHOW COLUMNS FROM `findjob_jj_code` [ RunTime:0.0090s ]
SQL: SELECT * FROM `findjob_jj_code`  [ RunTime:0.0090s ]

[ 2015-05-05T19:58:29+08:00 ] 127.0.0.1 /Home/User/index.html
INFO: [ app_init ] --START--
INFO: Run Behavior\BuildLiteBehavior [ RunTime:0.000000s ]
INFO: [ app_init ] --END-- [ RunTime:0.000000s ]
INFO: [ app_begin ] --START--
INFO: Run Behavior\ReadHtmlCacheBehavior [ RunTime:0.000000s ]
INFO: [ app_begin ] --END-- [ RunTime:0.000000s ]
INFO: [ test ] --START--
INFO: Run Home\Behavior\TestBehavior [ RunTime:0.000000s ]
INFO: [ test ] --END-- [ RunTime:0.000000s ]
SQL: SHOW COLUMNS FROM `findjob_jj_code` [ RunTime:0.0290s ]
SQL: SELECT * FROM `findjob_jj_code` LIMIT 0,10   [ RunTime:0.0000s ]
INFO: [ app_end ] --START--
INFO: Run Behavior\ShowPageTraceBehavior [ RunTime:0.000000s ]
INFO: [ app_end ] --END-- [ RunTime:0.000000s ]

